<?xml version="1.0" encoding="UTF-8" standalone="no"?>
<testsuite errors="0" failures="0" name="io.cucumber.core.plugin.JUnitFormatter" skipped="0" tests="2" time="0.545">
    <testcase classname="Login Action" name="Verify Login for valid inputs" time="0.104">
        <system-out><![CDATA[Given user is on home page..................................................passed
When user clicks on Signin link.............................................passed
Then check title............................................................passed
When user enters username and password clicks on Submit.....................passed
Then Check Login Successful.................................................passed
]]></system-out>
    </testcase>
    <testcase classname="Login Action" name="Verify Login for invalid inputs" time="0.006">
        <system-out><![CDATA[Given user is on home page..................................................passed
When user clicks on Signin link.............................................passed
Then check title............................................................passed
When user enters valid username and invalid password clicks on Submit.......passed
Then check error message....................................................passed
When user enters invalid username and valid password clicks on Submit.......passed
Then check error message....................................................passed
]]></system-out>
    </testcase>
</testsuite>
